<?xml version="1.0" encoding="UTF-8"?>
<testsuite xmlns:xsi="http://www.w3.org/2001/XMLSchema-instance" xsi:noNamespaceSchemaLocation="https://maven.apache.org/surefire/maven-surefire-plugin/xsd/surefire-test-report.xsd" name="cc.coopersoft.common.JsonRawDeserializerTest" time="0.221" tests="5" errors="0" skipped="0" failures="0">
  <properties>
    <property name="java.specification.version" value="18"/>
    <property name="sun.jnu.encoding" value="UTF-8"/>
    <property name="java.class.path" value="/Users/cooper/IdeaProjects/mis-cloud/commons-cloud/target/test-classes:/Users/cooper/IdeaProjects/mis-cloud/commons-cloud/target/classes:/Users/cooper/.m2/repository/com/fasterxml/jackson/core/jackson-annotations/2.15.2/jackson-annotations-2.15.2.jar:/Users/cooper/.m2/repository/com/fasterxml/jackson/core/jackson-core/2.15.2/jackson-core-2.15.2.jar:/Users/cooper/.m2/repository/com/fasterxml/jackson/datatype/jackson-datatype-jsr310/2.15.2/jackson-datatype-jsr310-2.15.2.jar:/Users/cooper/.m2/repository/com/fasterxml/jackson/core/jackson-databind/2.15.2/jackson-databind-2.15.2.jar:/Users/cooper/.m2/repository/org/springframework/boot/spring-boot-starter-security/3.1.4/spring-boot-starter-security-3.1.4.jar:/Users/cooper/.m2/repository/org/springframework/boot/spring-boot-starter/3.1.4/spring-boot-starter-3.1.4.jar:/Users/cooper/.m2/repository/org/springframework/boot/spring-boot/3.1.4/spring-boot-3.1.4.jar:/Users/cooper/.m2/repository/org/springframework/boot/spring-boot-autoconfigure/3.1.4/spring-boot-autoconfigure-3.1.4.jar:/Users/cooper/.m2/repository/jakarta/annotation/jakarta.annotation-api/2.1.1/jakarta.annotation-api-2.1.1.jar:/Users/cooper/.m2/repository/org/yaml/snakeyaml/1.33/snakeyaml-1.33.jar:/Users/cooper/.m2/repository/org/springframework/spring-aop/6.0.12/spring-aop-6.0.12.jar:/Users/cooper/.m2/repository/org/springframework/security/spring-security-config/6.1.4/spring-security-config-6.1.4.jar:/Users/cooper/.m2/repository/org/springframework/spring-context/6.0.12/spring-context-6.0.12.jar:/Users/cooper/.m2/repository/org/springframework/security/spring-security-web/6.1.4/spring-security-web-6.1.4.jar:/Users/cooper/.m2/repository/org/springframework/spring-expression/6.0.12/spring-expression-6.0.12.jar:/Users/cooper/.m2/repository/org/springframework/boot/spring-boot-starter-oauth2-resource-server/3.1.4/spring-boot-starter-oauth2-resource-server-3.1.4.jar:/Users/cooper/.m2/repository/org/springframework/security/spring-security-core/6.1.4/spring-security-core-6.1.4.jar:/Users/cooper/.m2/repository/org/springframework/security/spring-security-crypto/6.1.4/spring-security-crypto-6.1.4.jar:/Users/cooper/.m2/repository/io/micrometer/micrometer-observation/1.11.4/micrometer-observation-1.11.4.jar:/Users/cooper/.m2/repository/io/micrometer/micrometer-commons/1.11.4/micrometer-commons-1.11.4.jar:/Users/cooper/.m2/repository/org/springframework/security/spring-security-oauth2-resource-server/6.1.4/spring-security-oauth2-resource-server-6.1.4.jar:/Users/cooper/.m2/repository/org/springframework/security/spring-security-oauth2-core/6.1.4/spring-security-oauth2-core-6.1.4.jar:/Users/cooper/.m2/repository/org/springframework/security/spring-security-oauth2-jose/6.1.4/spring-security-oauth2-jose-6.1.4.jar:/Users/cooper/.m2/repository/com/nimbusds/nimbus-jose-jwt/9.31/nimbus-jose-jwt-9.31.jar:/Users/cooper/.m2/repository/com/github/stephenc/jcip/jcip-annotations/1.0-1/jcip-annotations-1.0-1.jar:/Users/cooper/.m2/repository/org/springframework/data/spring-data-commons/3.1.4/spring-data-commons-3.1.4.jar:/Users/cooper/.m2/repository/org/springframework/spring-core/6.0.12/spring-core-6.0.12.jar:/Users/cooper/.m2/repository/org/springframework/spring-jcl/6.0.12/spring-jcl-6.0.12.jar:/Users/cooper/.m2/repository/org/springframework/spring-beans/6.0.12/spring-beans-6.0.12.jar:/Users/cooper/.m2/repository/org/slf4j/slf4j-api/2.0.9/slf4j-api-2.0.9.jar:/Users/cooper/.m2/repository/jakarta/validation/jakarta.validation-api/3.0.2/jakarta.validation-api-3.0.2.jar:/Users/cooper/.m2/repository/org/springframework/spring-webflux/6.0.12/spring-webflux-6.0.12.jar:/Users/cooper/.m2/repository/org/springframework/spring-web/6.0.12/spring-web-6.0.12.jar:/Users/cooper/.m2/repository/io/projectreactor/reactor-core/3.5.10/reactor-core-3.5.10.jar:/Users/cooper/.m2/repository/org/reactivestreams/reactive-streams/1.0.4/reactive-streams-1.0.4.jar:/Users/cooper/.m2/repository/jakarta/servlet/jakarta.servlet-api/6.0.0/jakarta.servlet-api-6.0.0.jar:/Users/cooper/.m2/repository/org/junit/jupiter/junit-jupiter-api/5.9.3/junit-jupiter-api-5.9.3.jar:/Users/cooper/.m2/repository/org/opentest4j/opentest4j/1.2.0/opentest4j-1.2.0.jar:/Users/cooper/.m2/repository/org/junit/platform/junit-platform-commons/1.9.3/junit-platform-commons-1.9.3.jar:/Users/cooper/.m2/repository/org/apiguardian/apiguardian-api/1.1.2/apiguardian-api-1.1.2.jar:/Users/cooper/.m2/repository/org/springframework/boot/spring-boot-starter-logging/3.1.4/spring-boot-starter-logging-3.1.4.jar:/Users/cooper/.m2/repository/ch/qos/logback/logback-classic/1.4.11/logback-classic-1.4.11.jar:/Users/cooper/.m2/repository/ch/qos/logback/logback-core/1.4.11/logback-core-1.4.11.jar:/Users/cooper/.m2/repository/org/apache/logging/log4j/log4j-to-slf4j/2.20.0/log4j-to-slf4j-2.20.0.jar:/Users/cooper/.m2/repository/org/apache/logging/log4j/log4j-api/2.20.0/log4j-api-2.20.0.jar:/Users/cooper/.m2/repository/org/slf4j/jul-to-slf4j/2.0.9/jul-to-slf4j-2.0.9.jar:/Users/cooper/.m2/repository/org/projectlombok/lombok/1.18.30/lombok-1.18.30.jar:"/>
    <property name="java.vm.vendor" value="Azul Systems, Inc."/>
    <property name="sun.arch.data.model" value="64"/>
    <property name="java.vendor.url" value="http://www.azul.com/"/>
    <property name="os.name" value="Mac OS X"/>
    <property name="java.vm.specification.version" value="18"/>
    <property name="sun.java.launcher" value="SUN_STANDARD"/>
    <property name="user.country" value="CN"/>
    <property name="sun.boot.library.path" value="/Library/Java/JavaVirtualMachines/zulu-18.jdk/Contents/Home/lib"/>
    <property name="sun.java.command" value="/Users/cooper/IdeaProjects/mis-cloud/commons-cloud/target/surefire/surefirebooter11023901817299800205.jar /Users/cooper/IdeaProjects/mis-cloud/commons-cloud/target/surefire 2023-10-07T20-23-42_607-jvmRun1 surefire7541343882396199314tmp surefire_04222954199797197114tmp"/>
    <property name="jdk.debug" value="release"/>
    <property name="surefire.test.class.path" value="/Users/cooper/IdeaProjects/mis-cloud/commons-cloud/target/test-classes:/Users/cooper/IdeaProjects/mis-cloud/commons-cloud/target/classes:/Users/cooper/.m2/repository/com/fasterxml/jackson/core/jackson-annotations/2.15.2/jackson-annotations-2.15.2.jar:/Users/cooper/.m2/repository/com/fasterxml/jackson/core/jackson-core/2.15.2/jackson-core-2.15.2.jar:/Users/cooper/.m2/repository/com/fasterxml/jackson/datatype/jackson-datatype-jsr310/2.15.2/jackson-datatype-jsr310-2.15.2.jar:/Users/cooper/.m2/repository/com/fasterxml/jackson/core/jackson-databind/2.15.2/jackson-databind-2.15.2.jar:/Users/cooper/.m2/repository/org/springframework/boot/spring-boot-starter-security/3.1.4/spring-boot-starter-security-3.1.4.jar:/Users/cooper/.m2/repository/org/springframework/boot/spring-boot-starter/3.1.4/spring-boot-starter-3.1.4.jar:/Users/cooper/.m2/repository/org/springframework/boot/spring-boot/3.1.4/spring-boot-3.1.4.jar:/Users/cooper/.m2/repository/org/springframework/boot/spring-boot-autoconfigure/3.1.4/spring-boot-autoconfigure-3.1.4.jar:/Users/cooper/.m2/repository/jakarta/annotation/jakarta.annotation-api/2.1.1/jakarta.annotation-api-2.1.1.jar:/Users/cooper/.m2/repository/org/yaml/snakeyaml/1.33/snakeyaml-1.33.jar:/Users/cooper/.m2/repository/org/springframework/spring-aop/6.0.12/spring-aop-6.0.12.jar:/Users/cooper/.m2/repository/org/springframework/security/spring-security-config/6.1.4/spring-security-config-6.1.4.jar:/Users/cooper/.m2/repository/org/springframework/spring-context/6.0.12/spring-context-6.0.12.jar:/Users/cooper/.m2/repository/org/springframework/security/spring-security-web/6.1.4/spring-security-web-6.1.4.jar:/Users/cooper/.m2/repository/org/springframework/spring-expression/6.0.12/spring-expression-6.0.12.jar:/Users/cooper/.m2/repository/org/springframework/boot/spring-boot-starter-oauth2-resource-server/3.1.4/spring-boot-starter-oauth2-resource-server-3.1.4.jar:/Users/cooper/.m2/repository/org/springframework/security/spring-security-core/6.1.4/spring-security-core-6.1.4.jar:/Users/cooper/.m2/repository/org/springframework/security/spring-security-crypto/6.1.4/spring-security-crypto-6.1.4.jar:/Users/cooper/.m2/repository/io/micrometer/micrometer-observation/1.11.4/micrometer-observation-1.11.4.jar:/Users/cooper/.m2/repository/io/micrometer/micrometer-commons/1.11.4/micrometer-commons-1.11.4.jar:/Users/cooper/.m2/repository/org/springframework/security/spring-security-oauth2-resource-server/6.1.4/spring-security-oauth2-resource-server-6.1.4.jar:/Users/cooper/.m2/repository/org/springframework/security/spring-security-oauth2-core/6.1.4/spring-security-oauth2-core-6.1.4.jar:/Users/cooper/.m2/repository/org/springframework/security/spring-security-oauth2-jose/6.1.4/spring-security-oauth2-jose-6.1.4.jar:/Users/cooper/.m2/repository/com/nimbusds/nimbus-jose-jwt/9.31/nimbus-jose-jwt-9.31.jar:/Users/cooper/.m2/repository/com/github/stephenc/jcip/jcip-annotations/1.0-1/jcip-annotations-1.0-1.jar:/Users/cooper/.m2/repository/org/springframework/data/spring-data-commons/3.1.4/spring-data-commons-3.1.4.jar:/Users/cooper/.m2/repository/org/springframework/spring-core/6.0.12/spring-core-6.0.12.jar:/Users/cooper/.m2/repository/org/springframework/spring-jcl/6.0.12/spring-jcl-6.0.12.jar:/Users/cooper/.m2/repository/org/springframework/spring-beans/6.0.12/spring-beans-6.0.12.jar:/Users/cooper/.m2/repository/org/slf4j/slf4j-api/2.0.9/slf4j-api-2.0.9.jar:/Users/cooper/.m2/repository/jakarta/validation/jakarta.validation-api/3.0.2/jakarta.validation-api-3.0.2.jar:/Users/cooper/.m2/repository/org/springframework/spring-webflux/6.0.12/spring-webflux-6.0.12.jar:/Users/cooper/.m2/repository/org/springframework/spring-web/6.0.12/spring-web-6.0.12.jar:/Users/cooper/.m2/repository/io/projectreactor/reactor-core/3.5.10/reactor-core-3.5.10.jar:/Users/cooper/.m2/repository/org/reactivestreams/reactive-streams/1.0.4/reactive-streams-1.0.4.jar:/Users/cooper/.m2/repository/jakarta/servlet/jakarta.servlet-api/6.0.0/jakarta.servlet-api-6.0.0.jar:/Users/cooper/.m2/repository/org/junit/jupiter/junit-jupiter-api/5.9.3/junit-jupiter-api-5.9.3.jar:/Users/cooper/.m2/repository/org/opentest4j/opentest4j/1.2.0/opentest4j-1.2.0.jar:/Users/cooper/.m2/repository/org/junit/platform/junit-platform-commons/1.9.3/junit-platform-commons-1.9.3.jar:/Users/cooper/.m2/repository/org/apiguardian/apiguardian-api/1.1.2/apiguardian-api-1.1.2.jar:/Users/cooper/.m2/repository/org/springframework/boot/spring-boot-starter-logging/3.1.4/spring-boot-starter-logging-3.1.4.jar:/Users/cooper/.m2/repository/ch/qos/logback/logback-classic/1.4.11/logback-classic-1.4.11.jar:/Users/cooper/.m2/repository/ch/qos/logback/logback-core/1.4.11/logback-core-1.4.11.jar:/Users/cooper/.m2/repository/org/apache/logging/log4j/log4j-to-slf4j/2.20.0/log4j-to-slf4j-2.20.0.jar:/Users/cooper/.m2/repository/org/apache/logging/log4j/log4j-api/2.20.0/log4j-api-2.20.0.jar:/Users/cooper/.m2/repository/org/slf4j/jul-to-slf4j/2.0.9/jul-to-slf4j-2.0.9.jar:/Users/cooper/.m2/repository/org/projectlombok/lombok/1.18.30/lombok-1.18.30.jar:"/>
    <property name="sun.cpu.endian" value="little"/>
    <property name="user.home" value="/Users/cooper"/>
    <property name="user.language" value="en"/>
    <property name="java.specification.vendor" value="Oracle Corporation"/>
    <property name="java.version.date" value="2022-04-19"/>
    <property name="java.home" value="/Library/Java/JavaVirtualMachines/zulu-18.jdk/Contents/Home"/>
    <property name="file.separator" value="/"/>
    <property name="basedir" value="/Users/cooper/IdeaProjects/mis-cloud/commons-cloud"/>
    <property name="java.vm.compressedOopsMode" value="Zero based"/>
    <property name="line.separator" value="&#10;"/>
    <property name="java.vm.specification.vendor" value="Oracle Corporation"/>
    <property name="java.specification.name" value="Java Platform API Specification"/>
    <property name="apple.awt.application.name" value="ForkedBooter"/>
    <property name="surefire.real.class.path" value="/Users/cooper/IdeaProjects/mis-cloud/commons-cloud/target/surefire/surefirebooter11023901817299800205.jar"/>
    <property name="sun.management.compiler" value="HotSpot 64-Bit Tiered Compilers"/>
    <property name="java.runtime.version" value="18.0.1+10"/>
    <property name="user.name" value="cooper"/>
    <property name="path.separator" value=":"/>
    <property name="os.version" value="14.0"/>
    <property name="java.runtime.name" value="OpenJDK Runtime Environment"/>
    <property name="file.encoding" value="UTF-8"/>
    <property name="java.vm.name" value="OpenJDK 64-Bit Server VM"/>
    <property name="java.vendor.version" value="Zulu18.30+11-CA"/>
    <property name="localRepository" value="/Users/cooper/.m2/repository"/>
    <property name="java.vendor.url.bug" value="http://www.azul.com/support/"/>
    <property name="java.io.tmpdir" value="/var/folders/bp/qm39rjrd25g759hwtg3_9rww0000gn/T/"/>
    <property name="idea.version" value="2023.2.2"/>
    <property name="java.version" value="18.0.1"/>
    <property name="user.dir" value="/Users/cooper/IdeaProjects/mis-cloud/commons-cloud"/>
    <property name="os.arch" value="aarch64"/>
    <property name="java.vm.specification.name" value="Java Virtual Machine Specification"/>
    <property name="native.encoding" value="UTF-8"/>
    <property name="java.library.path" value="/Users/cooper/Library/Java/Extensions:/Library/Java/Extensions:/Network/Library/Java/Extensions:/System/Library/Java/Extensions:/usr/lib/java:."/>
    <property name="java.vm.info" value="mixed mode, sharing"/>
    <property name="java.vendor" value="Azul Systems, Inc."/>
    <property name="java.vm.version" value="18.0.1+10"/>
    <property name="sun.io.unicode.encoding" value="UnicodeBig"/>
    <property name="java.class.version" value="62.0"/>
  </properties>
  <testcase name="testLongJson" classname="cc.coopersoft.common.JsonRawDeserializerTest" time="0.111"/>
  <testcase name="testFlux" classname="cc.coopersoft.common.JsonRawDeserializerTest" time="0.077"/>
  <testcase name="ttt" classname="cc.coopersoft.common.JsonRawDeserializerTest" time="0.008"/>
  <testcase name="testSnakeToCamel" classname="cc.coopersoft.common.JsonRawDeserializerTest" time="0.002"/>
  <testcase name="deserialize" classname="cc.coopersoft.common.JsonRawDeserializerTest" time="0.013"/>
</testsuite>